<?xml version="1.0" encoding="UTF-8"?>
<testsuite xmlns:xsi="http://www.w3.org/2001/XMLSchema-instance" xsi:noNamespaceSchemaLocation="https://maven.apache.org/surefire/maven-surefire-plugin/xsd/surefire-test-report-3.0.xsd" version="3.0" name="com.example.mySpringProject.MySpringProjectApplicationTests" time="5.085" tests="1" errors="0" skipped="0" failures="0">
  <properties>
[...]
</properties>
  <testcase name="contextLoads" classname="com.example.mySpringProject.MySpringProjectApplicationTests" time="1.376">
    <system-out><![CDATA[12:47:06.837 [main] INFO org.springframework.test.context.support.AnnotationConfigContextLoaderUtils -- Could not detect default configuration classes for test class [com.example.mySpringProject.MySpringProjectApplicationTests]: MySpringProjectApplicationTests does not declare any static, non-private, non-final, nested classes annotated with @Configuration.
12:47:07.031 [main] INFO org.springframework.boot.test.context.SpringBootTestContextBootstrapper -- Found @SpringBootConfiguration com.example.mySpringProject.MySpringProjectApplication for test class com.example.mySpringProject.MySpringProjectApplicationTests

  .   ____          _            __ _ _
 /\\ / ___'_ __ _ _(_)_ __  __ _ \ \ \ \
( ( )\___ | '_ | '_| | '_ \/ _` | \ \ \ \
 \\/  ___)| |_)| | | | | || (_| |  ) ) ) )
  '  |____| .__|_| |_|_| |_\__, | / / / /
 =========|_|==============|___/=/_/_/_/

 :: Spring Boot ::                (v3.3.3)

2024-08-30T12:47:08.084+02:00  INFO 12324 --- [mySpringProject] [           main] c.e.m.MySpringProjectApplicationTests    : Starting MySpringProjectApplicationTests using Java 22.0.2 with PID 12324 (started by mbosupi in C:\Users\mbosu\Documents\NetBeansProjects\mySpringProject)
2024-08-30T12:47:08.086+02:00  INFO 12324 --- [mySpringProject] [           main] c.e.m.MySpringProjectApplicationTests    : No active profile set, falling back to 1 default profile: "default"
2024-08-30T12:47:10.238+02:00  INFO 12324 --- [mySpringProject] [           main] c.e.m.MySpringProjectApplicationTests    : Started MySpringProjectApplicationTests in 2.91 seconds (process running for 4.615)
]]></system-out>
    <system-err><![CDATA[WARNING: A Java agent has been loaded dynamically (C:\Users\mbosu\.m2\repository\net\bytebuddy\byte-buddy-agent\1.14.19\byte-buddy-agent-1.14.19.jar)
WARNING: If a serviceability tool is in use, please run with -XX:+EnableDynamicAgentLoading to hide this warning
WARNING: If a serviceability tool is not in use, please run with -Djdk.instrument.traceUsage for more information
WARNING: Dynamic loading of agents will be disallowed by default in a future release
]]></system-err>
  </testcase>
</testsuite>